
AVRASM ver. 2.1.30  C:\Users\ehsan\Desktop\prj\Debug\List\LCD.asm Sun Jun 27 20:19:06 2021

C:\Users\ehsan\Desktop\prj\Debug\List\LCD.asm(1086): warning: Register r5 already defined by the .DEF directive
C:\Users\ehsan\Desktop\prj\Debug\List\LCD.asm(1087): warning: Register r4 already defined by the .DEF directive
C:\Users\ehsan\Desktop\prj\Debug\List\LCD.asm(1088): warning: Register r7 already defined by the .DEF directive
C:\Users\ehsan\Desktop\prj\Debug\List\LCD.asm(1089): warning: Register r6 already defined by the .DEF directive
                 
                 
                 ;CodeVisionAVR C Compiler V3.12 Advanced
                 ;(C) Copyright 1998-2014 Pavel Haiduc, HP InfoTech s.r.l.
                 ;http://www.hpinfotech.com
                 
                 ;Build configuration    : Debug
                 ;Chip type              : ATmega8
                 ;Program type           : Application
                 ;Clock frequency        : 8.000000 MHz
                 ;Memory model           : Small
                 ;Optimize for           : Size
                 ;(s)printf features     : int, width
                 ;(s)scanf features      : int, width
                 ;External RAM size      : 0
                 ;Data Stack size        : 256 byte(s)
                 ;Heap size              : 0 byte(s)
                 ;Promote 'char' to 'int': Yes
                 ;'char' is unsigned     : Yes
                 ;8 bit enums            : Yes
                 ;Global 'const' stored in FLASH: Yes
                 ;Enhanced function parameter passing: Yes
                 ;Enhanced core instructions: On
                 ;Automatic register allocation for global variables: On
                 ;Smart register allocation: On
                 
                 	#define _MODEL_SMALL_
                 
                 	#pragma AVRPART ADMIN PART_NAME ATmega8
                 	#pragma AVRPART MEMORY PROG_FLASH 8192
                 	#pragma AVRPART MEMORY EEPROM 512
                 	#pragma AVRPART MEMORY INT_SRAM SIZE 1024
                 	#pragma AVRPART MEMORY INT_SRAM START_ADDR 0x60
                 
                 	.LISTMAC
                 	.EQU UDRE=0x5
                 	.EQU RXC=0x7
                 	.EQU USR=0xB
                 	.EQU UDR=0xC
                 	.EQU SPSR=0xE
                 	.EQU SPDR=0xF
                 	.EQU EERE=0x0
                 	.EQU EEWE=0x1
                 	.EQU EEMWE=0x2
                 	.EQU EECR=0x1C
                 	.EQU EEDR=0x1D
                 	.EQU EEARL=0x1E
                 	.EQU EEARH=0x1F
                 	.EQU WDTCR=0x21
                 	.EQU MCUCR=0x35
                 	.EQU GICR=0x3B
                 	.EQU SPL=0x3D
                 	.EQU SPH=0x3E
                 	.EQU SREG=0x3F
                 
                 	.DEF R0X0=R0
                 	.DEF R0X1=R1
                 	.DEF R0X2=R2
                 	.DEF R0X3=R3
                 	.DEF R0X4=R4
                 	.DEF R0X5=R5
                 	.DEF R0X6=R6
                 	.DEF R0X7=R7
                 	.DEF R0X8=R8
                 	.DEF R0X9=R9
                 	.DEF R0XA=R10
                 	.DEF R0XB=R11
                 	.DEF R0XC=R12
                 	.DEF R0XD=R13
                 	.DEF R0XE=R14
                 	.DEF R0XF=R15
                 	.DEF R0X10=R16
                 	.DEF R0X11=R17
                 	.DEF R0X12=R18
                 	.DEF R0X13=R19
                 	.DEF R0X14=R20
                 	.DEF R0X15=R21
                 	.DEF R0X16=R22
                 	.DEF R0X17=R23
                 	.DEF R0X18=R24
                 	.DEF R0X19=R25
                 	.DEF R0X1A=R26
                 	.DEF R0X1B=R27
                 	.DEF R0X1C=R28
                 	.DEF R0X1D=R29
                 	.DEF R0X1E=R30
                 	.DEF R0X1F=R31
                 
                 	.EQU __SRAM_START=0x0060
                 	.EQU __SRAM_END=0x045F
                 	.EQU __DSTACK_SIZE=0x0100
                 	.EQU __HEAP_SIZE=0x0000
                 	.EQU __CLEAR_SRAM_SIZE=__SRAM_END-__SRAM_START+1
                 
                 	.MACRO __CPD1N
                 	CPI  R30,LOW(@0)
                 	LDI  R26,HIGH(@0)
                 	CPC  R31,R26
                 	LDI  R26,BYTE3(@0)
                 	CPC  R22,R26
                 	LDI  R26,BYTE4(@0)
                 	CPC  R23,R26
                 	.ENDM
                 
                 	.MACRO __CPD2N
                 	CPI  R26,LOW(@0)
                 	LDI  R30,HIGH(@0)
                 	CPC  R27,R30
                 	LDI  R30,BYTE3(@0)
                 	CPC  R24,R30
                 	LDI  R30,BYTE4(@0)
                 	CPC  R25,R30
                 	.ENDM
                 
                 	.MACRO __CPWRR
                 	CP   R@0,R@2
                 	CPC  R@1,R@3
                 	.ENDM
                 
                 	.MACRO __CPWRN
                 	CPI  R@0,LOW(@2)
                 	LDI  R30,HIGH(@2)
                 	CPC  R@1,R30
                 	.ENDM
                 
                 	.MACRO __ADDB1MN
                 	SUBI R30,LOW(-@0-(@1))
                 	.ENDM
                 
                 	.MACRO __ADDB2MN
                 	SUBI R26,LOW(-@0-(@1))
                 	.ENDM
                 
                 	.MACRO __ADDW1MN
                 	SUBI R30,LOW(-@0-(@1))
                 	SBCI R31,HIGH(-@0-(@1))
                 	.ENDM
                 
                 	.MACRO __ADDW2MN
                 	SUBI R26,LOW(-@0-(@1))
                 	SBCI R27,HIGH(-@0-(@1))
                 	.ENDM
                 
                 	.MACRO __ADDW1FN
                 	SUBI R30,LOW(-2*@0-(@1))
                 	SBCI R31,HIGH(-2*@0-(@1))
                 	.ENDM
                 
                 	.MACRO __ADDD1FN
                 	SUBI R30,LOW(-2*@0-(@1))
                 	SBCI R31,HIGH(-2*@0-(@1))
                 	SBCI R22,BYTE3(-2*@0-(@1))
                 	.ENDM
                 
                 	.MACRO __ADDD1N
                 	SUBI R30,LOW(-@0)
                 	SBCI R31,HIGH(-@0)
                 	SBCI R22,BYTE3(-@0)
                 	SBCI R23,BYTE4(-@0)
                 	.ENDM
                 
                 	.MACRO __ADDD2N
                 	SUBI R26,LOW(-@0)
                 	SBCI R27,HIGH(-@0)
                 	SBCI R24,BYTE3(-@0)
                 	SBCI R25,BYTE4(-@0)
                 	.ENDM
                 
                 	.MACRO __SUBD1N
                 	SUBI R30,LOW(@0)
                 	SBCI R31,HIGH(@0)
                 	SBCI R22,BYTE3(@0)
                 	SBCI R23,BYTE4(@0)
                 	.ENDM
                 
                 	.MACRO __SUBD2N
                 	SUBI R26,LOW(@0)
                 	SBCI R27,HIGH(@0)
                 	SBCI R24,BYTE3(@0)
                 	SBCI R25,BYTE4(@0)
                 	.ENDM
                 
                 	.MACRO __ANDBMNN
                 	LDS  R30,@0+(@1)
                 	ANDI R30,LOW(@2)
                 	STS  @0+(@1),R30
                 	.ENDM
                 
                 	.MACRO __ANDWMNN
                 	LDS  R30,@0+(@1)
                 	ANDI R30,LOW(@2)
                 	STS  @0+(@1),R30
                 	LDS  R30,@0+(@1)+1
                 	ANDI R30,HIGH(@2)
                 	STS  @0+(@1)+1,R30
                 	.ENDM
                 
                 	.MACRO __ANDD1N
                 	ANDI R30,LOW(@0)
                 	ANDI R31,HIGH(@0)
                 	ANDI R22,BYTE3(@0)
                 	ANDI R23,BYTE4(@0)
                 	.ENDM
                 
                 	.MACRO __ANDD2N
                 	ANDI R26,LOW(@0)
                 	ANDI R27,HIGH(@0)
                 	ANDI R24,BYTE3(@0)
                 	ANDI R25,BYTE4(@0)
                 	.ENDM
                 
                 	.MACRO __ORBMNN
                 	LDS  R30,@0+(@1)
                 	ORI  R30,LOW(@2)
                 	STS  @0+(@1),R30
                 	.ENDM
                 
                 	.MACRO __ORWMNN
                 	LDS  R30,@0+(@1)
                 	ORI  R30,LOW(@2)
                 	STS  @0+(@1),R30
                 	LDS  R30,@0+(@1)+1
                 	ORI  R30,HIGH(@2)
                 	STS  @0+(@1)+1,R30
                 	.ENDM
                 
                 	.MACRO __ORD1N
                 	ORI  R30,LOW(@0)
                 	ORI  R31,HIGH(@0)
                 	ORI  R22,BYTE3(@0)
                 	ORI  R23,BYTE4(@0)
                 	.ENDM
                 
                 	.MACRO __ORD2N
                 	ORI  R26,LOW(@0)
                 	ORI  R27,HIGH(@0)
                 	ORI  R24,BYTE3(@0)
                 	ORI  R25,BYTE4(@0)
                 	.ENDM
                 
                 	.MACRO __DELAY_USB
                 	LDI  R24,LOW(@0)
                 __DELAY_USB_LOOP:
                 	DEC  R24
                 	BRNE __DELAY_USB_LOOP
                 	.ENDM
                 
                 	.MACRO __DELAY_USW
                 	LDI  R24,LOW(@0)
                 	LDI  R25,HIGH(@0)
                 __DELAY_USW_LOOP:
                 	SBIW R24,1
                 	BRNE __DELAY_USW_LOOP
                 	.ENDM
                 
                 	.MACRO __GETD1S
                 	LDD  R30,Y+@0
                 	LDD  R31,Y+@0+1
                 	LDD  R22,Y+@0+2
                 	LDD  R23,Y+@0+3
                 	.ENDM
                 
                 	.MACRO __GETD2S
                 	LDD  R26,Y+@0
                 	LDD  R27,Y+@0+1
                 	LDD  R24,Y+@0+2
                 	LDD  R25,Y+@0+3
                 	.ENDM
                 
                 	.MACRO __PUTD1S
                 	STD  Y+@0,R30
                 	STD  Y+@0+1,R31
                 	STD  Y+@0+2,R22
                 	STD  Y+@0+3,R23
                 	.ENDM
                 
                 	.MACRO __PUTD2S
                 	STD  Y+@0,R26
                 	STD  Y+@0+1,R27
                 	STD  Y+@0+2,R24
                 	STD  Y+@0+3,R25
                 	.ENDM
                 
                 	.MACRO __PUTDZ2
                 	STD  Z+@0,R26
                 	STD  Z+@0+1,R27
                 	STD  Z+@0+2,R24
                 	STD  Z+@0+3,R25
                 	.ENDM
                 
                 	.MACRO __CLRD1S
                 	STD  Y+@0,R30
                 	STD  Y+@0+1,R30
                 	STD  Y+@0+2,R30
                 	STD  Y+@0+3,R30
                 	.ENDM
                 
                 	.MACRO __POINTB1MN
                 	LDI  R30,LOW(@0+(@1))
                 	.ENDM
                 
                 	.MACRO __POINTW1MN
                 	LDI  R30,LOW(@0+(@1))
                 	LDI  R31,HIGH(@0+(@1))
                 	.ENDM
                 
                 	.MACRO __POINTD1M
                 	LDI  R30,LOW(@0)
                 	LDI  R31,HIGH(@0)
                 	LDI  R22,BYTE3(@0)
                 	LDI  R23,BYTE4(@0)
                 	.ENDM
                 
                 	.MACRO __POINTW1FN
                 	LDI  R30,LOW(2*@0+(@1))
                 	LDI  R31,HIGH(2*@0+(@1))
                 	.ENDM
                 
                 	.MACRO __POINTD1FN
                 	LDI  R30,LOW(2*@0+(@1))
                 	LDI  R31,HIGH(2*@0+(@1))
                 	LDI  R22,BYTE3(2*@0+(@1))
                 	LDI  R23,BYTE4(2*@0+(@1))
                 	.ENDM
                 
                 	.MACRO __POINTB2MN
                 	LDI  R26,LOW(@0+(@1))
                 	.ENDM
                 
                 	.MACRO __POINTW2MN
                 	LDI  R26,LOW(@0+(@1))
                 	LDI  R27,HIGH(@0+(@1))
                 	.ENDM
                 
                 	.MACRO __POINTW2FN
                 	LDI  R26,LOW(2*@0+(@1))
                 	LDI  R27,HIGH(2*@0+(@1))
                 	.ENDM
                 
                 	.MACRO __POINTD2FN
                 	LDI  R26,LOW(2*@0+(@1))
                 	LDI  R27,HIGH(2*@0+(@1))
                 	LDI  R24,BYTE3(2*@0+(@1))
                 	LDI  R25,BYTE4(2*@0+(@1))
                 	.ENDM
                 
                 	.MACRO __POINTBRM
                 	LDI  R@0,LOW(@1)
                 	.ENDM
                 
                 	.MACRO __POINTWRM
                 	LDI  R@0,LOW(@2)
                 	LDI  R@1,HIGH(@2)
                 	.ENDM
                 
                 	.MACRO __POINTBRMN
                 	LDI  R@0,LOW(@1+(@2))
                 	.ENDM
                 
                 	.MACRO __POINTWRMN
                 	LDI  R@0,LOW(@2+(@3))
                 	LDI  R@1,HIGH(@2+(@3))
                 	.ENDM
                 
                 	.MACRO __POINTWRFN
                 	LDI  R@0,LOW(@2*2+(@3))
                 	LDI  R@1,HIGH(@2*2+(@3))
                 	.ENDM
                 
                 	.MACRO __GETD1N
                 	LDI  R30,LOW(@0)
                 	LDI  R31,HIGH(@0)
                 	LDI  R22,BYTE3(@0)
                 	LDI  R23,BYTE4(@0)
                 	.ENDM
                 
                 	.MACRO __GETD2N
                 	LDI  R26,LOW(@0)
                 	LDI  R27,HIGH(@0)
                 	LDI  R24,BYTE3(@0)
                 	LDI  R25,BYTE4(@0)
                 	.ENDM
                 
                 	.MACRO __GETB1MN
                 	LDS  R30,@0+(@1)
                 	.ENDM
                 
                 	.MACRO __GETB1HMN
                 	LDS  R31,@0+(@1)
                 	.ENDM
                 
                 	.MACRO __GETW1MN
                 	LDS  R30,@0+(@1)
                 	LDS  R31,@0+(@1)+1
                 	.ENDM
                 
                 	.MACRO __GETD1MN
                 	LDS  R30,@0+(@1)
                 	LDS  R31,@0+(@1)+1
                 	LDS  R22,@0+(@1)+2
                 	LDS  R23,@0+(@1)+3
                 	.ENDM
                 
                 	.MACRO __GETBRMN
                 	LDS  R@0,@1+(@2)
                 	.ENDM
                 
                 	.MACRO __GETWRMN
                 	LDS  R@0,@2+(@3)
                 	LDS  R@1,@2+(@3)+1
                 	.ENDM
                 
                 	.MACRO __GETWRZ
                 	LDD  R@0,Z+@2
                 	LDD  R@1,Z+@2+1
                 	.ENDM
                 
                 	.MACRO __GETD2Z
                 	LDD  R26,Z+@0
                 	LDD  R27,Z+@0+1
                 	LDD  R24,Z+@0+2
                 	LDD  R25,Z+@0+3
                 	.ENDM
                 
                 	.MACRO __GETB2MN
                 	LDS  R26,@0+(@1)
                 	.ENDM
                 
                 	.MACRO __GETW2MN
                 	LDS  R26,@0+(@1)
                 	LDS  R27,@0+(@1)+1
                 	.ENDM
                 
                 	.MACRO __GETD2MN
                 	LDS  R26,@0+(@1)
                 	LDS  R27,@0+(@1)+1
                 	LDS  R24,@0+(@1)+2
                 	LDS  R25,@0+(@1)+3
                 	.ENDM
                 
                 	.MACRO __PUTB1MN
                 	STS  @0+(@1),R30
                 	.ENDM
                 
                 	.MACRO __PUTW1MN
                 	STS  @0+(@1),R30
                 	STS  @0+(@1)+1,R31
                 	.ENDM
                 
                 	.MACRO __PUTD1MN
                 	STS  @0+(@1),R30
                 	STS  @0+(@1)+1,R31
                 	STS  @0+(@1)+2,R22
                 	STS  @0+(@1)+3,R23
                 	.ENDM
                 
                 	.MACRO __PUTB1EN
                 	LDI  R26,LOW(@0+(@1))
                 	LDI  R27,HIGH(@0+(@1))
                 	RCALL __EEPROMWRB
                 	.ENDM
                 
                 	.MACRO __PUTW1EN
                 	LDI  R26,LOW(@0+(@1))
                 	LDI  R27,HIGH(@0+(@1))
                 	RCALL __EEPROMWRW
                 	.ENDM
                 
                 	.MACRO __PUTD1EN
                 	LDI  R26,LOW(@0+(@1))
                 	LDI  R27,HIGH(@0+(@1))
                 	RCALL __EEPROMWRD
                 	.ENDM
                 
                 	.MACRO __PUTBR0MN
                 	STS  @0+(@1),R0
                 	.ENDM
                 
                 	.MACRO __PUTBMRN
                 	STS  @0+(@1),R@2
                 	.ENDM
                 
                 	.MACRO __PUTWMRN
                 	STS  @0+(@1),R@2
                 	STS  @0+(@1)+1,R@3
                 	.ENDM
                 
                 	.MACRO __PUTBZR
                 	STD  Z+@1,R@0
                 	.ENDM
                 
                 	.MACRO __PUTWZR
                 	STD  Z+@2,R@0
                 	STD  Z+@2+1,R@1
                 	.ENDM
                 
                 	.MACRO __GETW1R
                 	MOV  R30,R@0
                 	MOV  R31,R@1
                 	.ENDM
                 
                 	.MACRO __GETW2R
                 	MOV  R26,R@0
                 	MOV  R27,R@1
                 	.ENDM
                 
                 	.MACRO __GETWRN
                 	LDI  R@0,LOW(@2)
                 	LDI  R@1,HIGH(@2)
                 	.ENDM
                 
                 	.MACRO __PUTW1R
                 	MOV  R@0,R30
                 	MOV  R@1,R31
                 	.ENDM
                 
                 	.MACRO __PUTW2R
                 	MOV  R@0,R26
                 	MOV  R@1,R27
                 	.ENDM
                 
                 	.MACRO __ADDWRN
                 	SUBI R@0,LOW(-@2)
                 	SBCI R@1,HIGH(-@2)
                 	.ENDM
                 
                 	.MACRO __ADDWRR
                 	ADD  R@0,R@2
                 	ADC  R@1,R@3
                 	.ENDM
                 
                 	.MACRO __SUBWRN
                 	SUBI R@0,LOW(@2)
                 	SBCI R@1,HIGH(@2)
                 	.ENDM
                 
                 	.MACRO __SUBWRR
                 	SUB  R@0,R@2
                 	SBC  R@1,R@3
                 	.ENDM
                 
                 	.MACRO __ANDWRN
                 	ANDI R@0,LOW(@2)
                 	ANDI R@1,HIGH(@2)
                 	.ENDM
                 
                 	.MACRO __ANDWRR
                 	AND  R@0,R@2
                 	AND  R@1,R@3
                 	.ENDM
                 
                 	.MACRO __ORWRN
                 	ORI  R@0,LOW(@2)
                 	ORI  R@1,HIGH(@2)
                 	.ENDM
                 
                 	.MACRO __ORWRR
                 	OR   R@0,R@2
                 	OR   R@1,R@3
                 	.ENDM
                 
                 	.MACRO __EORWRR
                 	EOR  R@0,R@2
                 	EOR  R@1,R@3
                 	.ENDM
                 
                 	.MACRO __GETWRS
                 	LDD  R@0,Y+@2
                 	LDD  R@1,Y+@2+1
                 	.ENDM
                 
                 	.MACRO __PUTBSR
                 	STD  Y+@1,R@0
                 	.ENDM
                 
                 	.MACRO __PUTWSR
                 	STD  Y+@2,R@0
                 	STD  Y+@2+1,R@1
                 	.ENDM
                 
                 	.MACRO __MOVEWRR
                 	MOV  R@0,R@2
                 	MOV  R@1,R@3
                 	.ENDM
                 
                 	.MACRO __INWR
                 	IN   R@0,@2
                 	IN   R@1,@2+1
                 	.ENDM
                 
                 	.MACRO __OUTWR
                 	OUT  @2+1,R@1
                 	OUT  @2,R@0
                 	.ENDM
                 
                 	.MACRO __CALL1MN
                 	LDS  R30,@0+(@1)
                 	LDS  R31,@0+(@1)+1
                 	ICALL
                 	.ENDM
                 
                 	.MACRO __CALL1FN
                 	LDI  R30,LOW(2*@0+(@1))
                 	LDI  R31,HIGH(2*@0+(@1))
                 	RCALL __GETW1PF
                 	ICALL
                 	.ENDM
                 
                 	.MACRO __CALL2EN
                 	PUSH R26
                 	PUSH R27
                 	LDI  R26,LOW(@0+(@1))
                 	LDI  R27,HIGH(@0+(@1))
                 	RCALL __EEPROMRDW
                 	POP  R27
                 	POP  R26
                 	ICALL
                 	.ENDM
                 
                 	.MACRO __CALL2EX
                 	SUBI R26,LOW(-@0)
                 	SBCI R27,HIGH(-@0)
                 	RCALL __EEPROMRDD
                 	ICALL
                 	.ENDM
                 
                 	.MACRO __GETW1STACK
                 	IN   R30,SPL
                 	IN   R31,SPH
                 	ADIW R30,@0+1
                 	LD   R0,Z+
                 	LD   R31,Z
                 	MOV  R30,R0
                 	.ENDM
                 
                 	.MACRO __GETD1STACK
                 	IN   R30,SPL
                 	IN   R31,SPH
                 	ADIW R30,@0+1
                 	LD   R0,Z+
                 	LD   R1,Z+
                 	LD   R22,Z
                 	MOVW R30,R0
                 	.ENDM
                 
                 	.MACRO __NBST
                 	BST  R@0,@1
                 	IN   R30,SREG
                 	LDI  R31,0x40
                 	EOR  R30,R31
                 	OUT  SREG,R30
                 	.ENDM
                 
                 
                 	.MACRO __PUTB1SN
                 	LDD  R26,Y+@0
                 	LDD  R27,Y+@0+1
                 	SUBI R26,LOW(-@1)
                 	SBCI R27,HIGH(-@1)
                 	ST   X,R30
                 	.ENDM
                 
                 	.MACRO __PUTW1SN
                 	LDD  R26,Y+@0
                 	LDD  R27,Y+@0+1
                 	SUBI R26,LOW(-@1)
                 	SBCI R27,HIGH(-@1)
                 	ST   X+,R30
                 	ST   X,R31
                 	.ENDM
                 
                 	.MACRO __PUTD1SN
                 	LDD  R26,Y+@0
                 	LDD  R27,Y+@0+1
                 	SUBI R26,LOW(-@1)
                 	SBCI R27,HIGH(-@1)
                 	RCALL __PUTDP1
                 	.ENDM
                 
                 	.MACRO __PUTB1SNS
                 	LDD  R26,Y+@0
                 	LDD  R27,Y+@0+1
                 	ADIW R26,@1
                 	ST   X,R30
                 	.ENDM
                 
                 	.MACRO __PUTW1SNS
                 	LDD  R26,Y+@0
                 	LDD  R27,Y+@0+1
                 	ADIW R26,@1
                 	ST   X+,R30
                 	ST   X,R31
                 	.ENDM
                 
                 	.MACRO __PUTD1SNS
                 	LDD  R26,Y+@0
                 	LDD  R27,Y+@0+1
                 	ADIW R26,@1
                 	RCALL __PUTDP1
                 	.ENDM
                 
                 	.MACRO __PUTB1PMN
                 	LDS  R26,@0
                 	LDS  R27,@0+1
                 	SUBI R26,LOW(-@1)
                 	SBCI R27,HIGH(-@1)
                 	ST   X,R30
                 	.ENDM
                 
                 	.MACRO __PUTW1PMN
                 	LDS  R26,@0
                 	LDS  R27,@0+1
                 	SUBI R26,LOW(-@1)
                 	SBCI R27,HIGH(-@1)
                 	ST   X+,R30
                 	ST   X,R31
                 	.ENDM
                 
                 	.MACRO __PUTD1PMN
                 	LDS  R26,@0
                 	LDS  R27,@0+1
                 	SUBI R26,LOW(-@1)
                 	SBCI R27,HIGH(-@1)
                 	RCALL __PUTDP1
                 	.ENDM
                 
                 	.MACRO __PUTB1PMNS
                 	LDS  R26,@0
                 	LDS  R27,@0+1
                 	ADIW R26,@1
                 	ST   X,R30
                 	.ENDM
                 
                 	.MACRO __PUTW1PMNS
                 	LDS  R26,@0
                 	LDS  R27,@0+1
                 	ADIW R26,@1
                 	ST   X+,R30
                 	ST   X,R31
                 	.ENDM
                 
                 	.MACRO __PUTD1PMNS
                 	LDS  R26,@0
                 	LDS  R27,@0+1
                 	ADIW R26,@1
                 	RCALL __PUTDP1
                 	.ENDM
                 
                 	.MACRO __PUTB1RN
                 	MOVW R26,R@0
                 	SUBI R26,LOW(-@1)
                 	SBCI R27,HIGH(-@1)
                 	ST   X,R30
                 	.ENDM
                 
                 	.MACRO __PUTW1RN
                 	MOVW R26,R@0
                 	SUBI R26,LOW(-@1)
                 	SBCI R27,HIGH(-@1)
                 	ST   X+,R30
                 	ST   X,R31
                 	.ENDM
                 
                 	.MACRO __PUTD1RN
                 	MOVW R26,R@0
                 	SUBI R26,LOW(-@1)
                 	SBCI R27,HIGH(-@1)
                 	RCALL __PUTDP1
                 	.ENDM
                 
                 	.MACRO __PUTB1RNS
                 	MOVW R26,R@0
                 	ADIW R26,@1
                 	ST   X,R30
                 	.ENDM
                 
                 	.MACRO __PUTW1RNS
                 	MOVW R26,R@0
                 	ADIW R26,@1
                 	ST   X+,R30
                 	ST   X,R31
                 	.ENDM
                 
                 	.MACRO __PUTD1RNS
                 	MOVW R26,R@0
                 	ADIW R26,@1
                 	RCALL __PUTDP1
                 	.ENDM
                 
                 	.MACRO __PUTB1RON
                 	MOV  R26,R@0
                 	MOV  R27,R@1
                 	SUBI R26,LOW(-@2)
                 	SBCI R27,HIGH(-@2)
                 	ST   X,R30
                 	.ENDM
                 
                 	.MACRO __PUTW1RON
                 	MOV  R26,R@0
                 	MOV  R27,R@1
                 	SUBI R26,LOW(-@2)
                 	SBCI R27,HIGH(-@2)
                 	ST   X+,R30
                 	ST   X,R31
                 	.ENDM
                 
                 	.MACRO __PUTD1RON
                 	MOV  R26,R@0
                 	MOV  R27,R@1
                 	SUBI R26,LOW(-@2)
                 	SBCI R27,HIGH(-@2)
                 	RCALL __PUTDP1
                 	.ENDM
                 
                 	.MACRO __PUTB1RONS
                 	MOV  R26,R@0
                 	MOV  R27,R@1
                 	ADIW R26,@2
                 	ST   X,R30
                 	.ENDM
                 
                 	.MACRO __PUTW1RONS
                 	MOV  R26,R@0
                 	MOV  R27,R@1
                 	ADIW R26,@2
                 	ST   X+,R30
                 	ST   X,R31
                 	.ENDM
                 
                 	.MACRO __PUTD1RONS
                 	MOV  R26,R@0
                 	MOV  R27,R@1
                 	ADIW R26,@2
                 	RCALL __PUTDP1
                 	.ENDM
                 
                 
                 	.MACRO __GETB1SX
                 	MOVW R30,R28
                 	SUBI R30,LOW(-@0)
                 	SBCI R31,HIGH(-@0)
                 	LD   R30,Z
                 	.ENDM
                 
                 	.MACRO __GETB1HSX
                 	MOVW R30,R28
                 	SUBI R30,LOW(-@0)
                 	SBCI R31,HIGH(-@0)
                 	LD   R31,Z
                 	.ENDM
                 
                 	.MACRO __GETW1SX
                 	MOVW R30,R28
                 	SUBI R30,LOW(-@0)
                 	SBCI R31,HIGH(-@0)
                 	LD   R0,Z+
                 	LD   R31,Z
                 	MOV  R30,R0
                 	.ENDM
                 
                 	.MACRO __GETD1SX
                 	MOVW R30,R28
                 	SUBI R30,LOW(-@0)
                 	SBCI R31,HIGH(-@0)
                 	LD   R0,Z+
                 	LD   R1,Z+
                 	LD   R22,Z+
                 	LD   R23,Z
                 	MOVW R30,R0
                 	.ENDM
                 
                 	.MACRO __GETB2SX
                 	MOVW R26,R28
                 	SUBI R26,LOW(-@0)
                 	SBCI R27,HIGH(-@0)
                 	LD   R26,X
                 	.ENDM
                 
                 	.MACRO __GETW2SX
                 	MOVW R26,R28
                 	SUBI R26,LOW(-@0)
                 	SBCI R27,HIGH(-@0)
                 	LD   R0,X+
                 	LD   R27,X
                 	MOV  R26,R0
                 	.ENDM
                 
                 	.MACRO __GETD2SX
                 	MOVW R26,R28
                 	SUBI R26,LOW(-@0)
                 	SBCI R27,HIGH(-@0)
                 	LD   R0,X+
                 	LD   R1,X+
                 	LD   R24,X+
                 	LD   R25,X
                 	MOVW R26,R0
                 	.ENDM
                 
                 	.MACRO __GETBRSX
                 	MOVW R30,R28
                 	SUBI R30,LOW(-@1)
                 	SBCI R31,HIGH(-@1)
                 	LD   R@0,Z
                 	.ENDM
                 
                 	.MACRO __GETWRSX
                 	MOVW R30,R28
                 	SUBI R30,LOW(-@2)
                 	SBCI R31,HIGH(-@2)
                 	LD   R@0,Z+
                 	LD   R@1,Z
                 	.ENDM
                 
                 	.MACRO __GETBRSX2
                 	MOVW R26,R28
                 	SUBI R26,LOW(-@1)
                 	SBCI R27,HIGH(-@1)
                 	LD   R@0,X
                 	.ENDM
                 
                 	.MACRO __GETWRSX2
                 	MOVW R26,R28
                 	SUBI R26,LOW(-@2)
                 	SBCI R27,HIGH(-@2)
                 	LD   R@0,X+
                 	LD   R@1,X
                 	.ENDM
                 
                 	.MACRO __LSLW8SX
                 	MOVW R30,R28
                 	SUBI R30,LOW(-@0)
                 	SBCI R31,HIGH(-@0)
                 	LD   R31,Z
                 	CLR  R30
                 	.ENDM
                 
                 	.MACRO __PUTB1SX
                 	MOVW R26,R28
                 	SUBI R26,LOW(-@0)
                 	SBCI R27,HIGH(-@0)
                 	ST   X,R30
                 	.ENDM
                 
                 	.MACRO __PUTW1SX
                 	MOVW R26,R28
                 	SUBI R26,LOW(-@0)
                 	SBCI R27,HIGH(-@0)
                 	ST   X+,R30
                 	ST   X,R31
                 	.ENDM
                 
                 	.MACRO __PUTD1SX
                 	MOVW R26,R28
                 	SUBI R26,LOW(-@0)
                 	SBCI R27,HIGH(-@0)
                 	ST   X+,R30
                 	ST   X+,R31
                 	ST   X+,R22
                 	ST   X,R23
                 	.ENDM
                 
                 	.MACRO __CLRW1SX
                 	MOVW R26,R28
                 	SUBI R26,LOW(-@0)
                 	SBCI R27,HIGH(-@0)
                 	ST   X+,R30
                 	ST   X,R30
                 	.ENDM
                 
                 	.MACRO __CLRD1SX
                 	MOVW R26,R28
                 	SUBI R26,LOW(-@0)
                 	SBCI R27,HIGH(-@0)
                 	ST   X+,R30
                 	ST   X+,R30
                 	ST   X+,R30
                 	ST   X,R30
                 	.ENDM
                 
                 	.MACRO __PUTB2SX
                 	MOVW R30,R28
                 	SUBI R30,LOW(-@0)
                 	SBCI R31,HIGH(-@0)
                 	ST   Z,R26
                 	.ENDM
                 
                 	.MACRO __PUTW2SX
                 	MOVW R30,R28
                 	SUBI R30,LOW(-@0)
                 	SBCI R31,HIGH(-@0)
                 	ST   Z+,R26
                 	ST   Z,R27
                 	.ENDM
                 
                 	.MACRO __PUTD2SX
                 	MOVW R30,R28
                 	SUBI R30,LOW(-@0)
                 	SBCI R31,HIGH(-@0)
                 	ST   Z+,R26
                 	ST   Z+,R27
                 	ST   Z+,R24
                 	ST   Z,R25
                 	.ENDM
                 
                 	.MACRO __PUTBSRX
                 	MOVW R30,R28
                 	SUBI R30,LOW(-@1)
                 	SBCI R31,HIGH(-@1)
                 	ST   Z,R@0
                 	.ENDM
                 
                 	.MACRO __PUTWSRX
                 	MOVW R30,R28
                 	SUBI R30,LOW(-@2)
                 	SBCI R31,HIGH(-@2)
                 	ST   Z+,R@0
                 	ST   Z,R@1
                 	.ENDM
                 
                 	.MACRO __PUTB1SNX
                 	MOVW R26,R28
                 	SUBI R26,LOW(-@0)
                 	SBCI R27,HIGH(-@0)
                 	LD   R0,X+
                 	LD   R27,X
                 	MOV  R26,R0
                 	SUBI R26,LOW(-@1)
                 	SBCI R27,HIGH(-@1)
                 	ST   X,R30
                 	.ENDM
                 
                 	.MACRO __PUTW1SNX
                 	MOVW R26,R28
                 	SUBI R26,LOW(-@0)
                 	SBCI R27,HIGH(-@0)
                 	LD   R0,X+
                 	LD   R27,X
                 	MOV  R26,R0
                 	SUBI R26,LOW(-@1)
                 	SBCI R27,HIGH(-@1)
                 	ST   X+,R30
                 	ST   X,R31
                 	.ENDM
                 
                 	.MACRO __PUTD1SNX
                 	MOVW R26,R28
                 	SUBI R26,LOW(-@0)
                 	SBCI R27,HIGH(-@0)
                 	LD   R0,X+
                 	LD   R27,X
                 	MOV  R26,R0
                 	SUBI R26,LOW(-@1)
                 	SBCI R27,HIGH(-@1)
                 	ST   X+,R30
                 	ST   X+,R31
                 	ST   X+,R22
                 	ST   X,R23
                 	.ENDM
                 
                 	.MACRO __MULBRR
                 	MULS R@0,R@1
                 	MOVW R30,R0
                 	.ENDM
                 
                 	.MACRO __MULBRRU
                 	MUL  R@0,R@1
                 	MOVW R30,R0
                 	.ENDM
                 
                 	.MACRO __MULBRR0
                 	MULS R@0,R@1
                 	.ENDM
                 
                 	.MACRO __MULBRRU0
                 	MUL  R@0,R@1
                 	.ENDM
                 
                 	.MACRO __MULBNWRU
                 	LDI  R26,@2
                 	MUL  R26,R@0
                 	MOVW R30,R0
                 	MUL  R26,R@1
                 	ADD  R31,R0
                 	.ENDM
                 
                 ;NAME DEFINITIONS FOR GLOBAL VARIABLES ALLOCATED TO REGISTERS
                 	.DEF _i=R5
                 	.DEF __lcd_x=R4
                 	.DEF __lcd_y=R7
                 	.DEF __lcd_maxx=R6
                 
                 	.CSEG
                 	.ORG 0x00
                 
                 ;START OF CODE MARKER
                 __START_OF_CODE:
                 
                 ;INTERRUPT VECTORS
000000 c02d      	RJMP __RESET
000001 cffe      	RJMP 0x00
000002 cffd      	RJMP 0x00
000003 cffc      	RJMP 0x00
000004 cffb      	RJMP 0x00
000005 cffa      	RJMP 0x00
000006 cff9      	RJMP 0x00
000007 cff8      	RJMP 0x00
000008 cff7      	RJMP 0x00
000009 cff6      	RJMP 0x00
00000a cff5      	RJMP 0x00
00000b cff4      	RJMP 0x00
00000c cff3      	RJMP 0x00
00000d cff2      	RJMP 0x00
00000e cff1      	RJMP 0x00
00000f cff0      	RJMP 0x00
000010 cfef      	RJMP 0x00
000011 cfee      	RJMP 0x00
000012 cfed      	RJMP 0x00
                 
                 ;GLOBAL REGISTER VARIABLES INITIALIZATION
                 __REG_VARS:
C:\Users\ehsan\Desktop\prj\Debug\List\LCD.asm(1120): warning: .cseg .db misalignment - padding zero byte
000013 0000      	.DB  0x0
                 
                 _0x3:
000014 6f59
000015 7375
000016 6665
000017 617a      	.DB  0x59,0x6F,0x75,0x73,0x65,0x66,0x7A,0x61
000018 6564
C:\Users\ehsan\Desktop\prj\Debug\List\LCD.asm(1124): warning: .cseg .db misalignment - padding zero byte
000019 0068      	.DB  0x64,0x65,0x68
                 _0x0:
00001a 6548
00001b 6c6c
00001c 206f
00001d 434c      	.DB  0x48,0x65,0x6C,0x6C,0x6F,0x20,0x4C,0x43
00001e 2144
C:\Users\ehsan\Desktop\prj\Debug\List\LCD.asm(1127): warning: .cseg .db misalignment - padding zero byte
00001f 0000      	.DB  0x44,0x21,0x0
                 _0x2000003:
000020 c080      	.DB  0x80,0xC0
                 
                 __GLOBAL_INI_TBL:
000021 0001      	.DW  0x01
000022 0005      	.DW  0x05
000023 0026      	.DW  __REG_VARS*2
                 
000024 000b      	.DW  0x0B
000025 016b      	.DW  _surname
000026 0028      	.DW  _0x3*2
                 
000027 000b      	.DW  0x0B
000028 0160      	.DW  _0x4
000029 0034      	.DW  _0x0*2
                 
00002a 0002      	.DW  0x02
00002b 0177      	.DW  __base_y_G100
00002c 0040      	.DW  _0x2000003*2
                 
                 _0xFFFFFFFF:
00002d 0000      	.DW  0
                 
                 #define __GLOBAL_INI_TBL_PRESENT 1
                 
                 __RESET:
00002e 94f8      	CLI
00002f 27ee      	CLR  R30
000030 bbec      	OUT  EECR,R30
                 
                 ;INTERRUPT VECTORS ARE PLACED
                 ;AT THE START OF FLASH
000031 e0f1      	LDI  R31,1
000032 bffb      	OUT  GICR,R31
000033 bfeb      	OUT  GICR,R30
000034 bfe5      	OUT  MCUCR,R30
                 
                 ;CLEAR R2-R14
000035 e08d      	LDI  R24,(14-2)+1
000036 e0a2      	LDI  R26,2
000037 27bb      	CLR  R27
                 __CLEAR_REG:
000038 93ed      	ST   X+,R30
000039 958a      	DEC  R24
00003a f7e9      	BRNE __CLEAR_REG
                 
                 ;CLEAR SRAM
00003b e080      	LDI  R24,LOW(__CLEAR_SRAM_SIZE)
00003c e094      	LDI  R25,HIGH(__CLEAR_SRAM_SIZE)
00003d e6a0      	LDI  R26,__SRAM_START
                 __CLEAR_SRAM:
00003e 93ed      	ST   X+,R30
00003f 9701      	SBIW R24,1
000040 f7e9      	BRNE __CLEAR_SRAM
                 
                 ;GLOBAL VARIABLES INITIALIZATION
000041 e4e2      	LDI  R30,LOW(__GLOBAL_INI_TBL*2)
000042 e0f0      	LDI  R31,HIGH(__GLOBAL_INI_TBL*2)
                 __GLOBAL_INI_NEXT:
000043 9185      	LPM  R24,Z+
000044 9195      	LPM  R25,Z+
000045 9700      	SBIW R24,0
000046 f061      	BREQ __GLOBAL_INI_END
000047 91a5      	LPM  R26,Z+
000048 91b5      	LPM  R27,Z+
000049 9005      	LPM  R0,Z+
00004a 9015      	LPM  R1,Z+
00004b 01bf      	MOVW R22,R30
00004c 01f0      	MOVW R30,R0
                 __GLOBAL_INI_LOOP:
00004d 9005      	LPM  R0,Z+
00004e 920d      	ST   X+,R0
00004f 9701      	SBIW R24,1
000050 f7e1      	BRNE __GLOBAL_INI_LOOP
000051 01fb      	MOVW R30,R22
000052 cff0      	RJMP __GLOBAL_INI_NEXT
                 __GLOBAL_INI_END:
                 
                 ;HARDWARE STACK POINTER INITIALIZATION
000053 e5ef      	LDI  R30,LOW(__SRAM_END-__HEAP_SIZE)
000054 bfed      	OUT  SPL,R30
000055 e0e4      	LDI  R30,HIGH(__SRAM_END-__HEAP_SIZE)
000056 bfee      	OUT  SPH,R30
                 
                 ;DATA STACK POINTER INITIALIZATION
000057 e6c0      	LDI  R28,LOW(__SRAM_START+__DSTACK_SIZE)
000058 e0d1      	LDI  R29,HIGH(__SRAM_START+__DSTACK_SIZE)
                 
000059 c000      	RJMP _main
                 
                 	.ESEG
                 	.ORG 0
                 
                 	.DSEG
                 	.ORG 0x160
                 
                 	.CSEG
                 ;/*******************************************************
                 ;This program was created by the
                 ;CodeWizardAVR V3.12 Advanced
                 ;Automatic Program Generator
                 ;© Copyright 1998-2014 Pavel Haiduc, HP InfoTech s.r.l.
                 ;http://www.hpinfotech.com
                 ;
                 ;Project :
                 ;Version :
                 ;Date    : 6/27/2021
                 ;Author  :
                 ;Company :
                 ;Comments:
                 ;
                 ;
                 ;Chip type               : ATmega8
                 ;Program type            : Application
                 ;AVR Core Clock frequency: 8.000000 MHz
                 ;Memory model            : Small
                 ;External RAM size       : 0
                 ;Data Stack size         : 256
                 ;*******************************************************/
                 ;
                 ;#include <mega8.h>
                 	#ifndef __SLEEP_DEFINED__
                 	#define __SLEEP_DEFINED__
                 	.EQU __se_bit=0x80
                 	.EQU __sm_mask=0x70
                 	.EQU __sm_powerdown=0x20
                 	.EQU __sm_powersave=0x30
                 	.EQU __sm_standby=0x60
                 	.EQU __sm_ext_standby=0x70
                 	.EQU __sm_adc_noise_red=0x10
                 	.SET power_ctrl_reg=mcucr
                 	#endif
                 ;
                 ;// Alphanumeric LCD functions
                 ;#include <alcd.h>
                 ;
                 ;#include <delay.h>
                 ;
                 ;// Declare your global variables here
                 ;unsigned char surname[12] = "Yousefzadeh", i = 0;
                 
                 	.DSEG
                 ;
                 ;void main(void)
                 ; 0000 0023 {
                 
                 	.CSEG
                 _main:
                 ; .FSTART _main
                 ; 0000 0024 // Declare your local variables here
                 ; 0000 0025 
                 ; 0000 0026 // Input/Output Ports initialization
                 ; 0000 0027 // Port B initialization
                 ; 0000 0028 // Function: Bit7=In Bit6=In Bit5=In Bit4=In Bit3=In Bit2=In Bit1=In Bit0=In
                 ; 0000 0029 DDRB=(0<<DDB7) | (0<<DDB6) | (0<<DDB5) | (0<<DDB4) | (0<<DDB3) | (0<<DDB2) | (0<<DDB1) | (0<<DDB0);
00005a e0e0      	LDI  R30,LOW(0)
00005b bbe7      	OUT  0x17,R30
                 ; 0000 002A // State: Bit7=T Bit6=T Bit5=T Bit4=T Bit3=T Bit2=T Bit1=T Bit0=T
                 ; 0000 002B PORTB=(0<<PORTB7) | (0<<PORTB6) | (0<<PORTB5) | (0<<PORTB4) | (0<<PORTB3) | (0<<PORTB2) | (0<<PORTB1) | (0<<PORTB0);
00005c bbe8      	OUT  0x18,R30
                 ; 0000 002C 
                 ; 0000 002D // Port C initialization
                 ; 0000 002E // Function: Bit6=In Bit5=In Bit4=In Bit3=In Bit2=In Bit1=In Bit0=In
                 ; 0000 002F DDRC=(0<<DDC6) | (0<<DDC5) | (0<<DDC4) | (0<<DDC3) | (0<<DDC2) | (0<<DDC1) | (0<<DDC0);
00005d bbe4      	OUT  0x14,R30
                 ; 0000 0030 // State: Bit6=T Bit5=T Bit4=T Bit3=T Bit2=T Bit1=T Bit0=T
                 ; 0000 0031 PORTC=(0<<PORTC6) | (0<<PORTC5) | (0<<PORTC4) | (0<<PORTC3) | (0<<PORTC2) | (0<<PORTC1) | (0<<PORTC0);
00005e bbe5      	OUT  0x15,R30
                 ; 0000 0032 
                 ; 0000 0033 // Port D initialization
                 ; 0000 0034 // Function: Bit7=In Bit6=In Bit5=In Bit4=In Bit3=In Bit2=In Bit1=In Bit0=In
                 ; 0000 0035 DDRD=(0<<DDD7) | (0<<DDD6) | (0<<DDD5) | (0<<DDD4) | (0<<DDD3) | (0<<DDD2) | (0<<DDD1) | (0<<DDD0);
00005f bbe1      	OUT  0x11,R30
                 ; 0000 0036 // State: Bit7=T Bit6=T Bit5=T Bit4=T Bit3=T Bit2=T Bit1=T Bit0=T
                 ; 0000 0037 PORTD=(0<<PORTD7) | (0<<PORTD6) | (0<<PORTD5) | (0<<PORTD4) | (0<<PORTD3) | (0<<PORTD2) | (0<<PORTD1) | (0<<PORTD0);
000060 bbe2      	OUT  0x12,R30
                 ; 0000 0038 
                 ; 0000 0039 // Timer/Counter 0 initialization
                 ; 0000 003A // Clock source: System Clock
                 ; 0000 003B // Clock value: Timer 0 Stopped
                 ; 0000 003C TCCR0=(0<<CS02) | (0<<CS01) | (0<<CS00);
000061 bfe3      	OUT  0x33,R30
                 ; 0000 003D TCNT0=0x00;
000062 bfe2      	OUT  0x32,R30
                 ; 0000 003E 
                 ; 0000 003F // Timer/Counter 1 initialization
                 ; 0000 0040 // Clock source: System Clock
                 ; 0000 0041 // Clock value: Timer1 Stopped
                 ; 0000 0042 // Mode: Normal top=0xFFFF
                 ; 0000 0043 // OC1A output: Disconnected
                 ; 0000 0044 // OC1B output: Disconnected
                 ; 0000 0045 // Noise Canceler: Off
                 ; 0000 0046 // Input Capture on Falling Edge
                 ; 0000 0047 // Timer1 Overflow Interrupt: Off
                 ; 0000 0048 // Input Capture Interrupt: Off
                 ; 0000 0049 // Compare A Match Interrupt: Off
                 ; 0000 004A // Compare B Match Interrupt: Off
                 ; 0000 004B TCCR1A=(0<<COM1A1) | (0<<COM1A0) | (0<<COM1B1) | (0<<COM1B0) | (0<<WGM11) | (0<<WGM10);
000063 bdef      	OUT  0x2F,R30
                 ; 0000 004C TCCR1B=(0<<ICNC1) | (0<<ICES1) | (0<<WGM13) | (0<<WGM12) | (0<<CS12) | (0<<CS11) | (0<<CS10);
000064 bdee      	OUT  0x2E,R30
                 ; 0000 004D TCNT1H=0x00;
000065 bded      	OUT  0x2D,R30
                 ; 0000 004E TCNT1L=0x00;
000066 bdec      	OUT  0x2C,R30
                 ; 0000 004F ICR1H=0x00;
000067 bde7      	OUT  0x27,R30
                 ; 0000 0050 ICR1L=0x00;
000068 bde6      	OUT  0x26,R30
                 ; 0000 0051 OCR1AH=0x00;
000069 bdeb      	OUT  0x2B,R30
                 ; 0000 0052 OCR1AL=0x00;
00006a bdea      	OUT  0x2A,R30
                 ; 0000 0053 OCR1BH=0x00;
00006b bde9      	OUT  0x29,R30
                 ; 0000 0054 OCR1BL=0x00;
00006c bde8      	OUT  0x28,R30
                 ; 0000 0055 
                 ; 0000 0056 // Timer/Counter 2 initialization
                 ; 0000 0057 // Clock source: System Clock
                 ; 0000 0058 // Clock value: Timer2 Stopped
                 ; 0000 0059 // Mode: Normal top=0xFF
                 ; 0000 005A // OC2 output: Disconnected
                 ; 0000 005B ASSR=0<<AS2;
00006d bde2      	OUT  0x22,R30
                 ; 0000 005C TCCR2=(0<<PWM2) | (0<<COM21) | (0<<COM20) | (0<<CTC2) | (0<<CS22) | (0<<CS21) | (0<<CS20);
00006e bde5      	OUT  0x25,R30
                 ; 0000 005D TCNT2=0x00;
00006f bde4      	OUT  0x24,R30
                 ; 0000 005E OCR2=0x00;
000070 bde3      	OUT  0x23,R30
                 ; 0000 005F 
                 ; 0000 0060 // Timer(s)/Counter(s) Interrupt(s) initialization
                 ; 0000 0061 TIMSK=(0<<OCIE2) | (0<<TOIE2) | (0<<TICIE1) | (0<<OCIE1A) | (0<<OCIE1B) | (0<<TOIE1) | (0<<TOIE0);
000071 bfe9      	OUT  0x39,R30
                 ; 0000 0062 
                 ; 0000 0063 // External Interrupt(s) initialization
                 ; 0000 0064 // INT0: Off
                 ; 0000 0065 // INT1: Off
                 ; 0000 0066 MCUCR=(0<<ISC11) | (0<<ISC10) | (0<<ISC01) | (0<<ISC00);
000072 bfe5      	OUT  0x35,R30
                 ; 0000 0067 
                 ; 0000 0068 // USART initialization
                 ; 0000 0069 // USART disabled
                 ; 0000 006A UCSRB=(0<<RXCIE) | (0<<TXCIE) | (0<<UDRIE) | (0<<RXEN) | (0<<TXEN) | (0<<UCSZ2) | (0<<RXB8) | (0<<TXB8);
000073 b9ea      	OUT  0xA,R30
                 ; 0000 006B 
                 ; 0000 006C // Analog Comparator initialization
                 ; 0000 006D // Analog Comparator: Off
                 ; 0000 006E // The Analog Comparator's positive input is
                 ; 0000 006F // connected to the AIN0 pin
                 ; 0000 0070 // The Analog Comparator's negative input is
                 ; 0000 0071 // connected to the AIN1 pin
                 ; 0000 0072 ACSR=(1<<ACD) | (0<<ACBG) | (0<<ACO) | (0<<ACI) | (0<<ACIE) | (0<<ACIC) | (0<<ACIS1) | (0<<ACIS0);
000074 e8e0      	LDI  R30,LOW(128)
000075 b9e8      	OUT  0x8,R30
                 ; 0000 0073 SFIOR=(0<<ACME);
000076 e0e0      	LDI  R30,LOW(0)
000077 bfe0      	OUT  0x30,R30
                 ; 0000 0074 
                 ; 0000 0075 // ADC initialization
                 ; 0000 0076 // ADC disabled
                 ; 0000 0077 ADCSRA=(0<<ADEN) | (0<<ADSC) | (0<<ADFR) | (0<<ADIF) | (0<<ADIE) | (0<<ADPS2) | (0<<ADPS1) | (0<<ADPS0);
000078 b9e6      	OUT  0x6,R30
                 ; 0000 0078 
                 ; 0000 0079 // SPI initialization
                 ; 0000 007A // SPI disabled
                 ; 0000 007B SPCR=(0<<SPIE) | (0<<SPE) | (0<<DORD) | (0<<MSTR) | (0<<CPOL) | (0<<CPHA) | (0<<SPR1) | (0<<SPR0);
000079 b9ed      	OUT  0xD,R30
                 ; 0000 007C 
                 ; 0000 007D // TWI initialization
                 ; 0000 007E // TWI disabled
                 ; 0000 007F TWCR=(0<<TWEA) | (0<<TWSTA) | (0<<TWSTO) | (0<<TWEN) | (0<<TWIE);
00007a bfe6      	OUT  0x36,R30
                 ; 0000 0080 
                 ; 0000 0081 // Alphanumeric LCD initialization
                 ; 0000 0082 // Connections are specified in the
                 ; 0000 0083 // Project|Configure|C Compiler|Libraries|Alphanumeric LCD menu:
                 ; 0000 0084 // RS - PORTD Bit 0
                 ; 0000 0085 // RD - PORTD Bit 1
                 ; 0000 0086 // EN - PORTD Bit 2
                 ; 0000 0087 // D4 - PORTB Bit 4
                 ; 0000 0088 // D5 - PORTB Bit 5
                 ; 0000 0089 // D6 - PORTB Bit 6
                 ; 0000 008A // D7 - PORTB Bit 7
                 ; 0000 008B // Characters/line: 16
                 ; 0000 008C lcd_init(16);
00007b e1a0      	LDI  R26,LOW(16)
00007c d071      	RCALL _lcd_init
                 ; 0000 008D 
                 ; 0000 008E lcd_clear();
00007d d03d      	RCALL _lcd_clear
                 ; 0000 008F 
                 ; 0000 0090 lcd_puts("Hello LCD!");
                +
00007e e6a0     +LDI R26 , LOW ( _0x4 + ( 0 ) )
00007f e0b1     +LDI R27 , HIGH ( _0x4 + ( 0 ) )
                 	__POINTW2MN _0x4,0
000080 d05c      	RCALL _lcd_puts
                 ; 0000 0091 
                 ; 0000 0092 
                 ; 0000 0093 lcd_gotoxy(0, 1);
000081 e0e0      	LDI  R30,LOW(0)
000082 93ea      	ST   -Y,R30
000083 e0a1      	LDI  R26,LOW(1)
000084 d029      	RCALL _lcd_gotoxy
                 ; 0000 0094 
                 ; 0000 0095 for(i = 0; i <13; i++){
000085 2455      	CLR  R5
                 _0x6:
000086 e0ed      	LDI  R30,LOW(13)
000087 165e      	CP   R5,R30
000088 f450      	BRSH _0x7
                 ; 0000 0096     lcd_putchar(surname[i]);
000089 2de5      	MOV  R30,R5
00008a e0f0      	LDI  R31,0
00008b 59e5      	SUBI R30,LOW(-_surname)
00008c 4ffe      	SBCI R31,HIGH(-_surname)
00008d 81a0      	LD   R26,Z
00008e d03a      	RCALL _lcd_putchar
                 ; 0000 0097     delay_ms(100);
00008f e6a4      	LDI  R26,LOW(100)
000090 d086      	RCALL SUBOPT_0x0
                 ; 0000 0098 }
000091 9453      	INC  R5
000092 cff3      	RJMP _0x6
                 _0x7:
                 ; 0000 0099 
                 ; 0000 009A }
                 _0x8:
000093 cfff      	RJMP _0x8
                 ; .FEND
                 
                 	.DSEG
                 _0x4:
000160           	.BYTE 0xB
                 	#ifndef __SLEEP_DEFINED__
                 	#endif
                 
                 	.DSEG
                 
                 	.CSEG
                 __lcd_write_nibble_G100:
                 ; .FSTART __lcd_write_nibble_G100
000094 93aa      	ST   -Y,R26
000095 b3e8      	IN   R30,0x18
000096 70ef      	ANDI R30,LOW(0xF)
000097 2fae      	MOV  R26,R30
000098 81e8      	LD   R30,Y
000099 7fe0      	ANDI R30,LOW(0xF0)
00009a 2bea      	OR   R30,R26
00009b bbe8      	OUT  0x18,R30
00009c d07c      	RCALL SUBOPT_0x1
00009d 9a92      	SBI  0x12,2
00009e d07a      	RCALL SUBOPT_0x1
00009f 9892      	CBI  0x12,2
0000a0 d078      	RCALL SUBOPT_0x1
0000a1 c073      	RJMP _0x2020001
                 ; .FEND
                 __lcd_write_data:
                 ; .FSTART __lcd_write_data
0000a2 93aa      	ST   -Y,R26
0000a3 81a8      	LD   R26,Y
0000a4 dfef      	RCALL __lcd_write_nibble_G100
0000a5 81e8          ld    r30,y
0000a6 95e2          swap  r30
0000a7 83e8          st    y,r30
0000a8 81a8      	LD   R26,Y
0000a9 dfea      	RCALL __lcd_write_nibble_G100
                +
0000aa e885     +LDI R24 , LOW ( 133 )
                +__DELAY_USB_LOOP :
0000ab 958a     +DEC R24
0000ac f7f1     +BRNE __DELAY_USB_LOOP
                 	__DELAY_USB 133
0000ad c067      	RJMP _0x2020001
                 ; .FEND
                 _lcd_gotoxy:
                 ; .FSTART _lcd_gotoxy
0000ae 93aa      	ST   -Y,R26
0000af 81e8      	LD   R30,Y
0000b0 e0f0      	LDI  R31,0
0000b1 58e9      	SUBI R30,LOW(-__base_y_G100)
0000b2 4ffe      	SBCI R31,HIGH(-__base_y_G100)
0000b3 81e0      	LD   R30,Z
0000b4 81a9      	LDD  R26,Y+1
0000b5 0fae      	ADD  R26,R30
0000b6 dfeb      	RCALL __lcd_write_data
0000b7 8049      	LDD  R4,Y+1
0000b8 8078      	LDD  R7,Y+0
0000b9 9622      	ADIW R28,2
0000ba 9508      	RET
                 ; .FEND
                 _lcd_clear:
                 ; .FSTART _lcd_clear
0000bb e0a2      	LDI  R26,LOW(2)
0000bc dfe5      	RCALL __lcd_write_data
0000bd e0a3      	LDI  R26,LOW(3)
0000be d058      	RCALL SUBOPT_0x0
0000bf e0ac      	LDI  R26,LOW(12)
0000c0 dfe1      	RCALL __lcd_write_data
0000c1 e0a1      	LDI  R26,LOW(1)
0000c2 dfdf      	RCALL __lcd_write_data
0000c3 e0a3      	LDI  R26,LOW(3)
0000c4 d052      	RCALL SUBOPT_0x0
0000c5 e0e0      	LDI  R30,LOW(0)
0000c6 2e7e      	MOV  R7,R30
0000c7 2e4e      	MOV  R4,R30
0000c8 9508      	RET
                 ; .FEND
                 _lcd_putchar:
                 ; .FSTART _lcd_putchar
0000c9 93aa      	ST   -Y,R26
0000ca 81a8      	LD   R26,Y
0000cb 30aa      	CPI  R26,LOW(0xA)
0000cc f011      	BREQ _0x2000005
0000cd 1446      	CP   R4,R6
0000ce f040      	BRLO _0x2000004
                 _0x2000005:
0000cf e0e0      	LDI  R30,LOW(0)
0000d0 93ea      	ST   -Y,R30
0000d1 9473      	INC  R7
0000d2 2da7      	MOV  R26,R7
0000d3 dfda      	RCALL _lcd_gotoxy
0000d4 81a8      	LD   R26,Y
0000d5 30aa      	CPI  R26,LOW(0xA)
0000d6 f1f1      	BREQ _0x2020001
                 _0x2000004:
0000d7 9443      	INC  R4
0000d8 9a90      	SBI  0x12,0
0000d9 81a8      	LD   R26,Y
0000da dfc7      	RCALL __lcd_write_data
0000db 9890      	CBI  0x12,0
0000dc c038      	RJMP _0x2020001
                 ; .FEND
                 _lcd_puts:
                 ; .FSTART _lcd_puts
0000dd 93ba      	ST   -Y,R27
0000de 93aa      	ST   -Y,R26
0000df 931a      	ST   -Y,R17
                 _0x2000008:
0000e0 81a9      	LDD  R26,Y+1
0000e1 81ba      	LDD  R27,Y+1+1
0000e2 91ed      	LD   R30,X+
0000e3 83a9      	STD  Y+1,R26
0000e4 83ba      	STD  Y+1+1,R27
0000e5 2f1e      	MOV  R17,R30
0000e6 30e0      	CPI  R30,0
0000e7 f019      	BREQ _0x200000A
0000e8 2fa1      	MOV  R26,R17
0000e9 dfdf      	RCALL _lcd_putchar
0000ea cff5      	RJMP _0x2000008
                 _0x200000A:
0000eb 8118      	LDD  R17,Y+0
0000ec 9623      	ADIW R28,3
0000ed 9508      	RET
                 ; .FEND
                 _lcd_init:
                 ; .FSTART _lcd_init
0000ee 93aa      	ST   -Y,R26
0000ef b3e7      	IN   R30,0x17
0000f0 6fe0      	ORI  R30,LOW(0xF0)
0000f1 bbe7      	OUT  0x17,R30
0000f2 9a8a      	SBI  0x11,2
0000f3 9a88      	SBI  0x11,0
0000f4 9a89      	SBI  0x11,1
0000f5 9892      	CBI  0x12,2
0000f6 9890      	CBI  0x12,0
0000f7 9891      	CBI  0x12,1
0000f8 8068      	LDD  R6,Y+0
0000f9 81e8      	LD   R30,Y
0000fa 58e0      	SUBI R30,-LOW(128)
                +
0000fb 93e0 0179+STS __base_y_G100 + ( 2 ) , R30
                 	__PUTB1MN __base_y_G100,2
0000fd 81e8      	LD   R30,Y
0000fe 54e0      	SUBI R30,-LOW(192)
                +
0000ff 93e0 017a+STS __base_y_G100 + ( 3 ) , R30
                 	__PUTB1MN __base_y_G100,3
000101 e1a4      	LDI  R26,LOW(20)
000102 d014      	RCALL SUBOPT_0x0
000103 d019      	RCALL SUBOPT_0x2
000104 d018      	RCALL SUBOPT_0x2
000105 d017      	RCALL SUBOPT_0x2
000106 e2a0      	LDI  R26,LOW(32)
000107 df8c      	RCALL __lcd_write_nibble_G100
                +
000108 ec88     +LDI R24 , LOW ( 200 )
000109 e090     +LDI R25 , HIGH ( 200 )
                +__DELAY_USW_LOOP :
00010a 9701     +SBIW R24 , 1
00010b f7f1     +BRNE __DELAY_USW_LOOP
                 	__DELAY_USW 200
00010c e2a8      	LDI  R26,LOW(40)
00010d df94      	RCALL __lcd_write_data
00010e e0a4      	LDI  R26,LOW(4)
00010f df92      	RCALL __lcd_write_data
000110 e8a5      	LDI  R26,LOW(133)
000111 df90      	RCALL __lcd_write_data
000112 e0a6      	LDI  R26,LOW(6)
000113 df8e      	RCALL __lcd_write_data
000114 dfa6      	RCALL _lcd_clear
                 _0x2020001:
000115 9621      	ADIW R28,1
000116 9508      	RET
                 ; .FEND
                 
                 	.DSEG
                 _surname:
00016b           	.BYTE 0xC
                 __base_y_G100:
000177           	.BYTE 0x4
                 
                 	.CSEG
                 ;OPTIMIZER ADDED SUBROUTINE, CALLED 4 TIMES, CODE SIZE REDUCTION:1 WORDS
                 SUBOPT_0x0:
000117 e0b0      	LDI  R27,0
000118 c00b      	RJMP _delay_ms
                 
                 ;OPTIMIZER ADDED SUBROUTINE, CALLED 3 TIMES, CODE SIZE REDUCTION:2 WORDS
                 SUBOPT_0x1:
                +
000119 e08d     +LDI R24 , LOW ( 13 )
                +__DELAY_USB_LOOP :
00011a 958a     +DEC R24
00011b f7f1     +BRNE __DELAY_USB_LOOP
                 	__DELAY_USB 13
00011c 9508      	RET
                 
                 ;OPTIMIZER ADDED SUBROUTINE, CALLED 3 TIMES, CODE SIZE REDUCTION:8 WORDS
                 SUBOPT_0x2:
00011d e3a0      	LDI  R26,LOW(48)
00011e df75      	RCALL __lcd_write_nibble_G100
                +
00011f ec88     +LDI R24 , LOW ( 200 )
000120 e090     +LDI R25 , HIGH ( 200 )
                +__DELAY_USW_LOOP :
000121 9701     +SBIW R24 , 1
000122 f7f1     +BRNE __DELAY_USW_LOOP
                 	__DELAY_USW 200
000123 9508      	RET
                 
                 
                 	.CSEG
                 _delay_ms:
000124 9610      	adiw r26,0
000125 f039      	breq __delay_ms1
                 __delay_ms0:
                +
000126 ed80     +LDI R24 , LOW ( 0x7D0 )
000127 e097     +LDI R25 , HIGH ( 0x7D0 )
                +__DELAY_USW_LOOP :
000128 9701     +SBIW R24 , 1
000129 f7f1     +BRNE __DELAY_USW_LOOP
                 	__DELAY_USW 0x7D0
00012a 95a8      	wdr
00012b 9711      	sbiw r26,1
00012c f7c9      	brne __delay_ms0
                 __delay_ms1:
00012d 9508      	ret
                 
                 ;END OF CODE MARKER
                 __END_OF_CODE:


RESOURCE USE INFORMATION
------------------------

Notice:
The register and instruction counts are symbol table hit counts,
and hence implicitly used resources are not counted, eg, the
'lpm' instruction without operands implicitly uses r0 and z,
none of which are counted.

x,y,z are separate entities in the symbol table and are
counted separately from r26..r31 here.

.dseg memory usage only counts static data declared with .byte

ATmega8 register use summary:
r0 :   4 r1 :   1 r2 :   0 r3 :   0 r4 :   4 r5 :   4 r6 :   2 r7 :   4 
r8 :   0 r9 :   0 r10:   0 r11:   0 r12:   0 r13:   0 r14:   0 r15:   0 
r16:   0 r17:   4 r18:   0 r19:   0 r20:   0 r21:   0 r22:   2 r23:   0 
r24:  17 r25:   5 r26:  43 r27:   7 r28:   4 r29:   1 r30:  84 r31:   7 
x  :   4 y  :  30 z  :   9 
Registers used: 19 out of 35 (54.3%)

ATmega8 instruction use summary:
.lds  :   0 .lds.l:   0 .sts  :   0 .sts.l:   0 adc   :   0 add   :   1 
adiw  :   4 and   :   0 andi  :   2 asr   :   0 bclr  :   0 bld   :   0 
brbc  :   0 brbs  :   0 brcc  :   0 brcs  :   0 break :   0 breq  :   5 
brge  :   0 brhc  :   0 brhs  :   0 brid  :   0 brie  :   0 brlo  :   1 
brlt  :   0 brmi  :   0 brne  :   9 brpl  :   0 brsh  :   1 brtc  :   0 
brts  :   0 brvc  :   0 brvs  :   0 bset  :   0 bst   :   0 cbi   :   5 
cbr   :   0 clc   :   0 clh   :   0 cli   :   1 cln   :   0 clr   :   3 
cls   :   0 clt   :   0 clv   :   0 clz   :   0 com   :   0 cp    :   2 
cpc   :   0 cpi   :   3 cpse  :   0 dec   :   3 des   :   0 eor   :   0 
fmul  :   0 fmuls :   0 fmulsu:   0 icall :   0 ijmp  :   0 in    :   2 
inc   :   3 ld    :  13 ldd   :   7 ldi   :  47 lds   :   0 lpm   :   7 
lsl   :   0 lsr   :   0 mov   :   7 movw  :   3 mul   :   0 muls  :   0 
mulsu :   0 neg   :   0 nop   :   0 or    :   1 ori   :   1 out   :  38 
pop   :   0 push  :   0 rcall :  31 ret   :   7 reti  :   0 rjmp  :  28 
rol   :   0 ror   :   0 sbc   :   0 sbci  :   2 sbi   :   5 sbic  :   0 
sbis  :   0 sbiw  :   7 sbr   :   0 sbrc  :   0 sbrs  :   0 sec   :   0 
seh   :   0 sei   :   0 sen   :   0 ser   :   0 ses   :   0 set   :   0 
sev   :   0 sez   :   0 sleep :   0 spm   :   0 st    :  14 std   :   2 
sts   :   2 sub   :   0 subi  :   4 swap  :   1 tst   :   0 wdr   :   1 

Instructions used: 36 out of 114 (31.6%)

ATmega8 memory use summary [bytes]:
Segment   Begin    End      Code   Data   Used    Size   Use%
---------------------------------------------------------------
[.cseg] 0x000000 0x00025c    550     54    604    8192   7.4%
[.dseg] 0x000060 0x00017b      0     27     27    1024   2.6%
[.eseg] 0x000000 0x000000      0      0      0     512   0.0%

Assembly complete, 0 errors, 7 warnings
